<?xml version="1.0" encoding="UTF-8"?>
<testsuite xmlns:xsi="http://www.w3.org/2001/XMLSchema-instance" xsi:noNamespaceSchemaLocation="https://maven.apache.org/surefire/maven-surefire-plugin/xsd/surefire-test-report-3.0.xsd" version="3.0" name="io.github.kttobug.example.SmartQueryExampleApplicationTest" time="3.883" tests="2" errors="0" skipped="0" failures="0">
  <properties>
    <property name="socksProxyHost" value="127.0.0.1"/>
    <property name="http.proxyHost" value="127.0.0.1"/>
    <property name="java.specification.version" value="23"/>
    <property name="sun.jnu.encoding" value="UTF-8"/>
    <property name="java.class.path" value="/Users/a1234/allCode/self/spring-jpa-smart-query/smart-query-example/target/test-classes:/Users/a1234/allCode/self/spring-jpa-smart-query/smart-query-example/target/classes:/Users/a1234/.m2/repository/org/springframework/boot/spring-boot-starter-data-jpa/3.3.12/spring-boot-starter-data-jpa-3.3.12.jar:/Users/a1234/.m2/repository/org/springframework/boot/spring-boot-starter-aop/3.3.12/spring-boot-starter-aop-3.3.12.jar:/Users/a1234/.m2/repository/org/springframework/spring-aop/6.1.20/spring-aop-6.1.20.jar:/Users/a1234/.m2/repository/org/aspectj/aspectjweaver/1.9.24/aspectjweaver-1.9.24.jar:/Users/a1234/.m2/repository/org/springframework/boot/spring-boot-starter-jdbc/3.3.12/spring-boot-starter-jdbc-3.3.12.jar:/Users/a1234/.m2/repository/com/zaxxer/HikariCP/5.1.0/HikariCP-5.1.0.jar:/Users/a1234/.m2/repository/org/springframework/spring-jdbc/6.1.20/spring-jdbc-6.1.20.jar:/Users/a1234/.m2/repository/org/hibernate/orm/hibernate-core/6.5.3.Final/hibernate-core-6.5.3.Final.jar:/Users/a1234/.m2/repository/jakarta/persistence/jakarta.persistence-api/3.1.0/jakarta.persistence-api-3.1.0.jar:/Users/a1234/.m2/repository/jakarta/transaction/jakarta.transaction-api/2.0.1/jakarta.transaction-api-2.0.1.jar:/Users/a1234/.m2/repository/org/jboss/logging/jboss-logging/3.5.0.Final/jboss-logging-3.5.0.Final.jar:/Users/a1234/.m2/repository/org/hibernate/common/hibernate-commons-annotations/6.0.6.Final/hibernate-commons-annotations-6.0.6.Final.jar:/Users/a1234/.m2/repository/io/smallrye/jandex/3.1.2/jandex-3.1.2.jar:/Users/a1234/.m2/repository/com/fasterxml/classmate/1.5.1/classmate-1.5.1.jar:/Users/a1234/.m2/repository/net/bytebuddy/byte-buddy/1.14.15/byte-buddy-1.14.15.jar:/Users/a1234/.m2/repository/org/glassfish/jaxb/jaxb-runtime/4.0.2/jaxb-runtime-4.0.2.jar:/Users/a1234/.m2/repository/org/glassfish/jaxb/jaxb-core/4.0.2/jaxb-core-4.0.2.jar:/Users/a1234/.m2/repository/org/eclipse/angus/angus-activation/2.0.0/angus-activation-2.0.0.jar:/Users/a1234/.m2/repository/org/glassfish/jaxb/txw2/4.0.2/txw2-4.0.2.jar:/Users/a1234/.m2/repository/com/sun/istack/istack-commons-runtime/4.1.1/istack-commons-runtime-4.1.1.jar:/Users/a1234/.m2/repository/jakarta/inject/jakarta.inject-api/2.0.1/jakarta.inject-api-2.0.1.jar:/Users/a1234/.m2/repository/org/antlr/antlr4-runtime/4.13.0/antlr4-runtime-4.13.0.jar:/Users/a1234/.m2/repository/org/springframework/data/spring-data-jpa/3.3.12/spring-data-jpa-3.3.12.jar:/Users/a1234/.m2/repository/org/springframework/data/spring-data-commons/3.3.12/spring-data-commons-3.3.12.jar:/Users/a1234/.m2/repository/org/springframework/spring-orm/6.1.20/spring-orm-6.1.20.jar:/Users/a1234/.m2/repository/org/springframework/spring-context/6.1.20/spring-context-6.1.20.jar:/Users/a1234/.m2/repository/org/springframework/spring-expression/6.1.20/spring-expression-6.1.20.jar:/Users/a1234/.m2/repository/io/micrometer/micrometer-observation/1.12.12/micrometer-observation-1.12.12.jar:/Users/a1234/.m2/repository/io/micrometer/micrometer-commons/1.12.12/micrometer-commons-1.12.12.jar:/Users/a1234/.m2/repository/org/springframework/spring-tx/6.1.20/spring-tx-6.1.20.jar:/Users/a1234/.m2/repository/org/springframework/spring-beans/6.1.20/spring-beans-6.1.20.jar:/Users/a1234/.m2/repository/jakarta/annotation/jakarta.annotation-api/2.0.0/jakarta.annotation-api-2.0.0.jar:/Users/a1234/.m2/repository/org/slf4j/slf4j-api/2.0.2/slf4j-api-2.0.2.jar:/Users/a1234/.m2/repository/org/springframework/spring-aspects/6.1.20/spring-aspects-6.1.20.jar:/Users/a1234/.m2/repository/io/github/kttobug/smart-query-spring/1.0.0/smart-query-spring-1.0.0.jar:/Users/a1234/.m2/repository/io/github/kttobug/smart-query-core/1.0.0/smart-query-core-1.0.0.jar:/Users/a1234/.m2/repository/org/junit/jupiter/junit-jupiter/5.10.2/junit-jupiter-5.10.2.jar:/Users/a1234/.m2/repository/org/junit/jupiter/junit-jupiter-api/5.10.2/junit-jupiter-api-5.10.2.jar:/Users/a1234/.m2/repository/org/opentest4j/opentest4j/1.3.0/opentest4j-1.3.0.jar:/Users/a1234/.m2/repository/org/junit/platform/junit-platform-commons/1.10.2/junit-platform-commons-1.10.2.jar:/Users/a1234/.m2/repository/org/junit/jupiter/junit-jupiter-params/5.10.2/junit-jupiter-params-5.10.2.jar:/Users/a1234/.m2/repository/org/junit/jupiter/junit-jupiter-engine/5.10.2/junit-jupiter-engine-5.10.2.jar:/Users/a1234/.m2/repository/org/junit/platform/junit-platform-launcher/1.10.2/junit-platform-launcher-1.10.2.jar:/Users/a1234/.m2/repository/org/junit/platform/junit-platform-engine/1.10.2/junit-platform-engine-1.10.2.jar:/Users/a1234/.m2/repository/org/apiguardian/apiguardian-api/1.1.2/apiguardian-api-1.1.2.jar:/Users/a1234/.m2/repository/com/mysql/mysql-connector-j/8.4.0/mysql-connector-j-8.4.0.jar:/Users/a1234/.m2/repository/com/google/protobuf/protobuf-java/3.25.1/protobuf-java-3.25.1.jar:/Users/a1234/.m2/repository/org/springframework/boot/spring-boot-starter-test/3.3.12/spring-boot-starter-test-3.3.12.jar:/Users/a1234/.m2/repository/org/springframework/boot/spring-boot-starter/3.3.12/spring-boot-starter-3.3.12.jar:/Users/a1234/.m2/repository/org/springframework/boot/spring-boot/3.3.12/spring-boot-3.3.12.jar:/Users/a1234/.m2/repository/org/springframework/boot/spring-boot-autoconfigure/3.3.12/spring-boot-autoconfigure-3.3.12.jar:/Users/a1234/.m2/repository/org/springframework/boot/spring-boot-starter-logging/3.3.12/spring-boot-starter-logging-3.3.12.jar:/Users/a1234/.m2/repository/ch/qos/logback/logback-classic/1.5.18/logback-classic-1.5.18.jar:/Users/a1234/.m2/repository/ch/qos/logback/logback-core/1.5.18/logback-core-1.5.18.jar:/Users/a1234/.m2/repository/org/apache/logging/log4j/log4j-to-slf4j/2.23.1/log4j-to-slf4j-2.23.1.jar:/Users/a1234/.m2/repository/org/apache/logging/log4j/log4j-api/2.23.1/log4j-api-2.23.1.jar:/Users/a1234/.m2/repository/org/slf4j/jul-to-slf4j/2.0.17/jul-to-slf4j-2.0.17.jar:/Users/a1234/.m2/repository/org/yaml/snakeyaml/2.2/snakeyaml-2.2.jar:/Users/a1234/.m2/repository/org/springframework/boot/spring-boot-test/3.3.12/spring-boot-test-3.3.12.jar:/Users/a1234/.m2/repository/org/springframework/boot/spring-boot-test-autoconfigure/3.3.12/spring-boot-test-autoconfigure-3.3.12.jar:/Users/a1234/.m2/repository/com/jayway/jsonpath/json-path/2.9.0/json-path-2.9.0.jar:/Users/a1234/.m2/repository/jakarta/xml/bind/jakarta.xml.bind-api/4.0.2/jakarta.xml.bind-api-4.0.2.jar:/Users/a1234/.m2/repository/jakarta/activation/jakarta.activation-api/2.1.3/jakarta.activation-api-2.1.3.jar:/Users/a1234/.m2/repository/net/minidev/json-smart/2.5.2/json-smart-2.5.2.jar:/Users/a1234/.m2/repository/net/minidev/accessors-smart/2.5.2/accessors-smart-2.5.2.jar:/Users/a1234/.m2/repository/org/ow2/asm/asm/9.7.1/asm-9.7.1.jar:/Users/a1234/.m2/repository/org/assertj/assertj-core/3.25.3/assertj-core-3.25.3.jar:/Users/a1234/.m2/repository/org/awaitility/awaitility/4.2.2/awaitility-4.2.2.jar:/Users/a1234/.m2/repository/org/hamcrest/hamcrest/2.2/hamcrest-2.2.jar:/Users/a1234/.m2/repository/org/mockito/mockito-core/5.11.0/mockito-core-5.11.0.jar:/Users/a1234/.m2/repository/net/bytebuddy/byte-buddy-agent/1.14.12/byte-buddy-agent-1.14.12.jar:/Users/a1234/.m2/repository/org/objenesis/objenesis/3.3/objenesis-3.3.jar:/Users/a1234/.m2/repository/org/mockito/mockito-junit-jupiter/5.11.0/mockito-junit-jupiter-5.11.0.jar:/Users/a1234/.m2/repository/org/skyscreamer/jsonassert/1.5.3/jsonassert-1.5.3.jar:/Users/a1234/.m2/repository/com/vaadin/external/google/android-json/0.0.20131108.vaadin1/android-json-0.0.20131108.vaadin1.jar:/Users/a1234/.m2/repository/org/springframework/spring-core/6.1.20/spring-core-6.1.20.jar:/Users/a1234/.m2/repository/org/springframework/spring-jcl/6.1.20/spring-jcl-6.1.20.jar:/Users/a1234/.m2/repository/org/springframework/spring-test/6.1.20/spring-test-6.1.20.jar:/Users/a1234/.m2/repository/org/xmlunit/xmlunit-core/2.9.1/xmlunit-core-2.9.1.jar:"/>
    <property name="https.proxyPort" value="7897"/>
    <property name="java.vm.vendor" value="Homebrew"/>
    <property name="sun.arch.data.model" value="64"/>
    <property name="java.vendor.url" value="https://github.com/Homebrew/homebrew-core/issues"/>
    <property name="user.timezone" value="Asia/Shanghai"/>
    <property name="org.jboss.logging.provider" value="slf4j"/>
    <property name="os.name" value="Mac OS X"/>
    <property name="java.vm.specification.version" value="23"/>
    <property name="sun.java.launcher" value="SUN_STANDARD"/>
    <property name="user.country" value="CN"/>
    <property name="sun.boot.library.path" value="/usr/local/Cellar/openjdk/23.0.1/libexec/openjdk.jdk/Contents/Home/lib"/>
    <property name="sun.java.command" value="/Users/a1234/allCode/self/spring-jpa-smart-query/smart-query-example/target/surefire/surefirebooter-20250701182211702_3.jar /Users/a1234/allCode/self/spring-jpa-smart-query/smart-query-example/target/surefire 2025-07-01T18-22-11_617-jvmRun1 surefire-20250701182211702_1tmp surefire_0-20250701182211702_2tmp"/>
    <property name="http.nonProxyHosts" value="127.0.0.1|192.168.0.0/16|*.192.168.0.0/16|10.0.0.0/8|*.10.0.0.0/8|172.16.0.0/12|*.172.16.0.0/12|172.29.0.0/16|*.172.29.0.0/16|localhost|*.localhost|local|*.local|crashlytics.com|*.crashlytics.com|&lt;local&gt;|*.&lt;local&gt;"/>
    <property name="jdk.debug" value="release"/>
    <property name="surefire.test.class.path" value="/Users/a1234/allCode/self/spring-jpa-smart-query/smart-query-example/target/test-classes:/Users/a1234/allCode/self/spring-jpa-smart-query/smart-query-example/target/classes:/Users/a1234/.m2/repository/org/springframework/boot/spring-boot-starter-data-jpa/3.3.12/spring-boot-starter-data-jpa-3.3.12.jar:/Users/a1234/.m2/repository/org/springframework/boot/spring-boot-starter-aop/3.3.12/spring-boot-starter-aop-3.3.12.jar:/Users/a1234/.m2/repository/org/springframework/spring-aop/6.1.20/spring-aop-6.1.20.jar:/Users/a1234/.m2/repository/org/aspectj/aspectjweaver/1.9.24/aspectjweaver-1.9.24.jar:/Users/a1234/.m2/repository/org/springframework/boot/spring-boot-starter-jdbc/3.3.12/spring-boot-starter-jdbc-3.3.12.jar:/Users/a1234/.m2/repository/com/zaxxer/HikariCP/5.1.0/HikariCP-5.1.0.jar:/Users/a1234/.m2/repository/org/springframework/spring-jdbc/6.1.20/spring-jdbc-6.1.20.jar:/Users/a1234/.m2/repository/org/hibernate/orm/hibernate-core/6.5.3.Final/hibernate-core-6.5.3.Final.jar:/Users/a1234/.m2/repository/jakarta/persistence/jakarta.persistence-api/3.1.0/jakarta.persistence-api-3.1.0.jar:/Users/a1234/.m2/repository/jakarta/transaction/jakarta.transaction-api/2.0.1/jakarta.transaction-api-2.0.1.jar:/Users/a1234/.m2/repository/org/jboss/logging/jboss-logging/3.5.0.Final/jboss-logging-3.5.0.Final.jar:/Users/a1234/.m2/repository/org/hibernate/common/hibernate-commons-annotations/6.0.6.Final/hibernate-commons-annotations-6.0.6.Final.jar:/Users/a1234/.m2/repository/io/smallrye/jandex/3.1.2/jandex-3.1.2.jar:/Users/a1234/.m2/repository/com/fasterxml/classmate/1.5.1/classmate-1.5.1.jar:/Users/a1234/.m2/repository/net/bytebuddy/byte-buddy/1.14.15/byte-buddy-1.14.15.jar:/Users/a1234/.m2/repository/org/glassfish/jaxb/jaxb-runtime/4.0.2/jaxb-runtime-4.0.2.jar:/Users/a1234/.m2/repository/org/glassfish/jaxb/jaxb-core/4.0.2/jaxb-core-4.0.2.jar:/Users/a1234/.m2/repository/org/eclipse/angus/angus-activation/2.0.0/angus-activation-2.0.0.jar:/Users/a1234/.m2/repository/org/glassfish/jaxb/txw2/4.0.2/txw2-4.0.2.jar:/Users/a1234/.m2/repository/com/sun/istack/istack-commons-runtime/4.1.1/istack-commons-runtime-4.1.1.jar:/Users/a1234/.m2/repository/jakarta/inject/jakarta.inject-api/2.0.1/jakarta.inject-api-2.0.1.jar:/Users/a1234/.m2/repository/org/antlr/antlr4-runtime/4.13.0/antlr4-runtime-4.13.0.jar:/Users/a1234/.m2/repository/org/springframework/data/spring-data-jpa/3.3.12/spring-data-jpa-3.3.12.jar:/Users/a1234/.m2/repository/org/springframework/data/spring-data-commons/3.3.12/spring-data-commons-3.3.12.jar:/Users/a1234/.m2/repository/org/springframework/spring-orm/6.1.20/spring-orm-6.1.20.jar:/Users/a1234/.m2/repository/org/springframework/spring-context/6.1.20/spring-context-6.1.20.jar:/Users/a1234/.m2/repository/org/springframework/spring-expression/6.1.20/spring-expression-6.1.20.jar:/Users/a1234/.m2/repository/io/micrometer/micrometer-observation/1.12.12/micrometer-observation-1.12.12.jar:/Users/a1234/.m2/repository/io/micrometer/micrometer-commons/1.12.12/micrometer-commons-1.12.12.jar:/Users/a1234/.m2/repository/org/springframework/spring-tx/6.1.20/spring-tx-6.1.20.jar:/Users/a1234/.m2/repository/org/springframework/spring-beans/6.1.20/spring-beans-6.1.20.jar:/Users/a1234/.m2/repository/jakarta/annotation/jakarta.annotation-api/2.0.0/jakarta.annotation-api-2.0.0.jar:/Users/a1234/.m2/repository/org/slf4j/slf4j-api/2.0.2/slf4j-api-2.0.2.jar:/Users/a1234/.m2/repository/org/springframework/spring-aspects/6.1.20/spring-aspects-6.1.20.jar:/Users/a1234/.m2/repository/io/github/kttobug/smart-query-spring/1.0.0/smart-query-spring-1.0.0.jar:/Users/a1234/.m2/repository/io/github/kttobug/smart-query-core/1.0.0/smart-query-core-1.0.0.jar:/Users/a1234/.m2/repository/org/junit/jupiter/junit-jupiter/5.10.2/junit-jupiter-5.10.2.jar:/Users/a1234/.m2/repository/org/junit/jupiter/junit-jupiter-api/5.10.2/junit-jupiter-api-5.10.2.jar:/Users/a1234/.m2/repository/org/opentest4j/opentest4j/1.3.0/opentest4j-1.3.0.jar:/Users/a1234/.m2/repository/org/junit/platform/junit-platform-commons/1.10.2/junit-platform-commons-1.10.2.jar:/Users/a1234/.m2/repository/org/junit/jupiter/junit-jupiter-params/5.10.2/junit-jupiter-params-5.10.2.jar:/Users/a1234/.m2/repository/org/junit/jupiter/junit-jupiter-engine/5.10.2/junit-jupiter-engine-5.10.2.jar:/Users/a1234/.m2/repository/org/junit/platform/junit-platform-launcher/1.10.2/junit-platform-launcher-1.10.2.jar:/Users/a1234/.m2/repository/org/junit/platform/junit-platform-engine/1.10.2/junit-platform-engine-1.10.2.jar:/Users/a1234/.m2/repository/org/apiguardian/apiguardian-api/1.1.2/apiguardian-api-1.1.2.jar:/Users/a1234/.m2/repository/com/mysql/mysql-connector-j/8.4.0/mysql-connector-j-8.4.0.jar:/Users/a1234/.m2/repository/com/google/protobuf/protobuf-java/3.25.1/protobuf-java-3.25.1.jar:/Users/a1234/.m2/repository/org/springframework/boot/spring-boot-starter-test/3.3.12/spring-boot-starter-test-3.3.12.jar:/Users/a1234/.m2/repository/org/springframework/boot/spring-boot-starter/3.3.12/spring-boot-starter-3.3.12.jar:/Users/a1234/.m2/repository/org/springframework/boot/spring-boot/3.3.12/spring-boot-3.3.12.jar:/Users/a1234/.m2/repository/org/springframework/boot/spring-boot-autoconfigure/3.3.12/spring-boot-autoconfigure-3.3.12.jar:/Users/a1234/.m2/repository/org/springframework/boot/spring-boot-starter-logging/3.3.12/spring-boot-starter-logging-3.3.12.jar:/Users/a1234/.m2/repository/ch/qos/logback/logback-classic/1.5.18/logback-classic-1.5.18.jar:/Users/a1234/.m2/repository/ch/qos/logback/logback-core/1.5.18/logback-core-1.5.18.jar:/Users/a1234/.m2/repository/org/apache/logging/log4j/log4j-to-slf4j/2.23.1/log4j-to-slf4j-2.23.1.jar:/Users/a1234/.m2/repository/org/apache/logging/log4j/log4j-api/2.23.1/log4j-api-2.23.1.jar:/Users/a1234/.m2/repository/org/slf4j/jul-to-slf4j/2.0.17/jul-to-slf4j-2.0.17.jar:/Users/a1234/.m2/repository/org/yaml/snakeyaml/2.2/snakeyaml-2.2.jar:/Users/a1234/.m2/repository/org/springframework/boot/spring-boot-test/3.3.12/spring-boot-test-3.3.12.jar:/Users/a1234/.m2/repository/org/springframework/boot/spring-boot-test-autoconfigure/3.3.12/spring-boot-test-autoconfigure-3.3.12.jar:/Users/a1234/.m2/repository/com/jayway/jsonpath/json-path/2.9.0/json-path-2.9.0.jar:/Users/a1234/.m2/repository/jakarta/xml/bind/jakarta.xml.bind-api/4.0.2/jakarta.xml.bind-api-4.0.2.jar:/Users/a1234/.m2/repository/jakarta/activation/jakarta.activation-api/2.1.3/jakarta.activation-api-2.1.3.jar:/Users/a1234/.m2/repository/net/minidev/json-smart/2.5.2/json-smart-2.5.2.jar:/Users/a1234/.m2/repository/net/minidev/accessors-smart/2.5.2/accessors-smart-2.5.2.jar:/Users/a1234/.m2/repository/org/ow2/asm/asm/9.7.1/asm-9.7.1.jar:/Users/a1234/.m2/repository/org/assertj/assertj-core/3.25.3/assertj-core-3.25.3.jar:/Users/a1234/.m2/repository/org/awaitility/awaitility/4.2.2/awaitility-4.2.2.jar:/Users/a1234/.m2/repository/org/hamcrest/hamcrest/2.2/hamcrest-2.2.jar:/Users/a1234/.m2/repository/org/mockito/mockito-core/5.11.0/mockito-core-5.11.0.jar:/Users/a1234/.m2/repository/net/bytebuddy/byte-buddy-agent/1.14.12/byte-buddy-agent-1.14.12.jar:/Users/a1234/.m2/repository/org/objenesis/objenesis/3.3/objenesis-3.3.jar:/Users/a1234/.m2/repository/org/mockito/mockito-junit-jupiter/5.11.0/mockito-junit-jupiter-5.11.0.jar:/Users/a1234/.m2/repository/org/skyscreamer/jsonassert/1.5.3/jsonassert-1.5.3.jar:/Users/a1234/.m2/repository/com/vaadin/external/google/android-json/0.0.20131108.vaadin1/android-json-0.0.20131108.vaadin1.jar:/Users/a1234/.m2/repository/org/springframework/spring-core/6.1.20/spring-core-6.1.20.jar:/Users/a1234/.m2/repository/org/springframework/spring-jcl/6.1.20/spring-jcl-6.1.20.jar:/Users/a1234/.m2/repository/org/springframework/spring-test/6.1.20/spring-test-6.1.20.jar:/Users/a1234/.m2/repository/org/xmlunit/xmlunit-core/2.9.1/xmlunit-core-2.9.1.jar:"/>
    <property name="sun.cpu.endian" value="little"/>
    <property name="user.home" value="/Users/a1234"/>
    <property name="user.language" value="zh"/>
    <property name="java.specification.vendor" value="Oracle Corporation"/>
    <property name="java.version.date" value="2024-10-15"/>
    <property name="java.home" value="/usr/local/Cellar/openjdk/23.0.1/libexec/openjdk.jdk/Contents/Home"/>
    <property name="file.separator" value="/"/>
    <property name="https.proxyHost" value="127.0.0.1"/>
    <property name="basedir" value="/Users/a1234/allCode/self/spring-jpa-smart-query/smart-query-example"/>
    <property name="java.vm.compressedOopsMode" value="Zero based"/>
    <property name="line.separator" value="&#10;"/>
    <property name="java.vm.specification.vendor" value="Oracle Corporation"/>
    <property name="java.specification.name" value="Java Platform API Specification"/>
    <property name="FILE_LOG_CHARSET" value="UTF-8"/>
    <property name="java.awt.headless" value="true"/>
    <property name="apple.awt.application.name" value="ForkedBooter"/>
    <property name="surefire.real.class.path" value="/Users/a1234/allCode/self/spring-jpa-smart-query/smart-query-example/target/surefire/surefirebooter-20250701182211702_3.jar"/>
    <property name="user.script" value="Hans"/>
    <property name="sun.management.compiler" value="HotSpot 64-Bit Tiered Compilers"/>
    <property name="ftp.nonProxyHosts" value="127.0.0.1|192.168.0.0/16|*.192.168.0.0/16|10.0.0.0/8|*.10.0.0.0/8|172.16.0.0/12|*.172.16.0.0/12|172.29.0.0/16|*.172.29.0.0/16|localhost|*.localhost|local|*.local|crashlytics.com|*.crashlytics.com|&lt;local&gt;|*.&lt;local&gt;"/>
    <property name="java.runtime.version" value="23.0.1"/>
    <property name="user.name" value="a1234"/>
    <property name="stdout.encoding" value="UTF-8"/>
    <property name="path.separator" value=":"/>
    <property name="os.version" value="15.5"/>
    <property name="java.runtime.name" value="OpenJDK Runtime Environment"/>
    <property name="file.encoding" value="UTF-8"/>
    <property name="java.vm.name" value="OpenJDK 64-Bit Server VM"/>
    <property name="java.vendor.version" value="Homebrew"/>
    <property name="localRepository" value="/Users/a1234/.m2/repository"/>
    <property name="java.vendor.url.bug" value="https://github.com/Homebrew/homebrew-core/issues"/>
    <property name="java.io.tmpdir" value="/var/folders/y0/jkgs8dz151j01zzl4wcgnlvc0000gn/T/"/>
    <property name="com.zaxxer.hikari.pool_number" value="1"/>
    <property name="java.version" value="23.0.1"/>
    <property name="user.dir" value="/Users/a1234/allCode/self/spring-jpa-smart-query/smart-query-example"/>
    <property name="os.arch" value="x86_64"/>
    <property name="socksProxyPort" value="7897"/>
    <property name="java.vm.specification.name" value="Java Virtual Machine Specification"/>
    <property name="PID" value="26711"/>
    <property name="CONSOLE_LOG_CHARSET" value="UTF-8"/>
    <property name="native.encoding" value="UTF-8"/>
    <property name="java.library.path" value="/Users/a1234/Library/Java/Extensions:/Library/Java/Extensions:/Network/Library/Java/Extensions:/System/Library/Java/Extensions:/usr/lib/java:."/>
    <property name="java.vm.info" value="mixed mode, sharing"/>
    <property name="stderr.encoding" value="UTF-8"/>
    <property name="java.vendor" value="Homebrew"/>
    <property name="java.vm.version" value="23.0.1"/>
    <property name="sun.io.unicode.encoding" value="UnicodeBig"/>
    <property name="socksNonProxyHosts" value="127.0.0.1|192.168.0.0/16|*.192.168.0.0/16|10.0.0.0/8|*.10.0.0.0/8|172.16.0.0/12|*.172.16.0.0/12|172.29.0.0/16|*.172.29.0.0/16|localhost|*.localhost|local|*.local|crashlytics.com|*.crashlytics.com|&lt;local&gt;|*.&lt;local&gt;"/>
    <property name="java.class.version" value="67.0"/>
    <property name="http.proxyPort" value="7897"/>
  </properties>
  <testcase name="debugEnvVars" classname="io.github.kttobug.example.SmartQueryExampleApplicationTest" time="0.507">
    <system-out><![CDATA[
  .   ____          _            __ _ _
 /\\ / ___'_ __ _ _(_)_ __  __ _ \ \ \ \
( ( )\___ | '_ | '_| | '_ \/ _` | \ \ \ \
 \\/  ___)| |_)| | | | | || (_| |  ) ) ) )
  '  |____| .__|_| |_|_| |_\__, | / / / /
 =========|_|==============|___/=/_/_/_/

 :: Spring Boot ::               (v3.3.12)

2025-07-01T18:22:12.959+08:00  INFO 26711 --- [           main] i.g.k.e.SmartQueryExampleApplicationTest : Starting SmartQueryExampleApplicationTest using Java 23.0.1 with PID 26711 (started by a1234 in /Users/a1234/allCode/self/spring-jpa-smart-query/smart-query-example)
2025-07-01T18:22:12.961+08:00  INFO 26711 --- [           main] i.g.k.e.SmartQueryExampleApplicationTest : No active profile set, falling back to 1 default profile: "default"
2025-07-01T18:22:13.272+08:00  INFO 26711 --- [           main] .s.d.r.c.RepositoryConfigurationDelegate : Bootstrapping Spring Data JPA repositories in DEFAULT mode.
2025-07-01T18:22:13.319+08:00  INFO 26711 --- [           main] .s.d.r.c.RepositoryConfigurationDelegate : Finished Spring Data repository scanning in 40 ms. Found 1 JPA repository interface.
2025-07-01T18:22:13.693+08:00  INFO 26711 --- [           main] o.hibernate.jpa.internal.util.LogHelper  : HHH000204: Processing PersistenceUnitInfo [name: default]
2025-07-01T18:22:13.749+08:00  INFO 26711 --- [           main] org.hibernate.Version                    : HHH000412: Hibernate ORM core version 6.5.3.Final
2025-07-01T18:22:13.783+08:00  INFO 26711 --- [           main] o.h.c.internal.RegionFactoryInitiator    : HHH000026: Second-level cache disabled
2025-07-01T18:22:14.107+08:00  INFO 26711 --- [           main] o.s.o.j.p.SpringPersistenceUnitInfo      : No LoadTimeWeaver setup: ignoring JPA class transformer
2025-07-01T18:22:14.135+08:00  INFO 26711 --- [           main] com.zaxxer.hikari.HikariDataSource       : HikariPool-1 - Starting...
2025-07-01T18:22:14.321+08:00  INFO 26711 --- [           main] com.zaxxer.hikari.pool.HikariPool        : HikariPool-1 - Added connection com.mysql.cj.jdbc.ConnectionImpl@111a7973
2025-07-01T18:22:14.322+08:00  INFO 26711 --- [           main] com.zaxxer.hikari.HikariDataSource       : HikariPool-1 - Start completed.
2025-07-01T18:22:14.380+08:00  WARN 26711 --- [           main] org.hibernate.orm.deprecation            : HHH90000025: MySQL8Dialect does not need to be specified explicitly using 'hibernate.dialect' (remove the property setting and it will be selected by default)
2025-07-01T18:22:14.381+08:00  WARN 26711 --- [           main] org.hibernate.orm.deprecation            : HHH90000026: MySQL8Dialect has been deprecated; use org.hibernate.dialect.MySQLDialect instead
2025-07-01T18:22:15.136+08:00  INFO 26711 --- [           main] o.h.e.t.j.p.i.JtaPlatformInitiator       : HHH000489: No JTA platform available (set 'hibernate.transaction.jta.platform' to enable JTA platform integration)
2025-07-01T18:22:15.180+08:00  INFO 26711 --- [           main] j.LocalContainerEntityManagerFactoryBean : Initialized JPA EntityManagerFactory for persistence unit 'default'
2025-07-01T18:22:15.493+08:00  INFO 26711 --- [           main] i.g.k.e.SmartQueryExampleApplicationTest : Started SmartQueryExampleApplicationTest in 2.821 seconds (process running for 3.716)
spring.datasource.url = jdbc:mysql://localhost:3306/polished_db?useSSL=false&serverTimezone=UTC&characterEncoding=utf8&allowPublicKeyRetrieval=true
]]></system-out>
    <system-err><![CDATA[WARNING: A Java agent has been loaded dynamically (/Users/a1234/.m2/repository/net/bytebuddy/byte-buddy-agent/1.14.12/byte-buddy-agent-1.14.12.jar)
WARNING: If a serviceability tool is in use, please run with -XX:+EnableDynamicAgentLoading to hide this warning
WARNING: If a serviceability tool is not in use, please run with -Djdk.instrument.traceUsage for more information
WARNING: Dynamic loading of agents will be disallowed by default in a future release
]]></system-err>
  </testcase>
  <testcase name="testLambdaQuery" classname="io.github.kttobug.example.SmartQueryExampleApplicationTest" time="0.201">
    <system-out><![CDATA[Hibernate: 
    select
        u1_0.id,
        u1_0.status,
        u1_0.username 
    from
        user u1_0 
    where
        u1_0.id=?
Hibernate: 
    insert 
    into
        user
        (status, username, id) 
    values
        (?, ?, ?)
Hibernate: 
    select
        u1_0.id,
        u1_0.status,
        u1_0.username 
    from
        user u1_0 
    where
        u1_0.status=? 
        and u1_0.username=?
111
io.github.kttobug.example.entity.User@68722de3
1
222
]]></system-out>
  </testcase>
</testsuite>